<?xml version="1.0" encoding="UTF-8"?>
<testng-results skipped="0" failed="0" ignored="0" total="1" passed="1">
  <reporter-output>
  </reporter-output>
  <suite name="Default suite" duration-ms="40449" started-at="2021-05-16T17:20:31Z" finished-at="2021-05-16T17:21:12Z">
    <groups>
    </groups>
    <test name="Default test" duration-ms="40449" started-at="2021-05-16T17:20:31Z" finished-at="2021-05-16T17:21:12Z">
      <class name="pageTest.LoginUsingAPI">
        <test-method status="PASS" signature="setUp()[pri:0, instance:pageTest.LoginUsingAPI@59494225]" name="setUp" is-config="true" duration-ms="23234" started-at="2021-05-16T22:50:31Z" finished-at="2021-05-16T22:50:54Z">
          <reporter-output>
          </reporter-output>
        </test-method> <!-- setUp -->
        <test-method status="PASS" signature="loginNewUser()[pri:0, instance:pageTest.LoginUsingAPI@59494225]" name="loginNewUser" duration-ms="17162" started-at="2021-05-16T22:50:54Z" finished-at="2021-05-16T22:51:12Z">
          <reporter-output>
          </reporter-output>
        </test-method> <!-- loginNewUser -->
      </class> <!-- pageTest.LoginUsingAPI -->
    </test> <!-- Default test -->
  </suite> <!-- Default suite -->
</testng-results>
